<?xml version="1.0" encoding="UTF-8"?>
<!-- Generated by org.testng.reporters.JUnitReportReporter -->
<testsuite skipped="0" hostname="DESKTOP-N308L1J" name="test.AddContactTest" tests="1" failures="0" timestamp="15 Oct 2022 19:16:25 GMT" time="14.314" errors="0">
  <testcase name="userShouldBeAbleToAddCustomer" time="14.314" classname="test.AddContactTest"/>
</testsuite> <!-- test.AddContactTest -->
